This file contains any messages produced by compilers while
running configure, to aid debugging if configure makes a mistake.

It was created by BCLS configure 0.1, which was
generated by GNU Autoconf 2.69.  Invocation command line was

  $ ./configure 

## --------- ##
## Platform. ##
## --------- ##

hostname = Evangelias-MBP
uname -m = x86_64
uname -r = 17.7.0
uname -s = Darwin
uname -v = Darwin Kernel Version 17.7.0: Wed Apr 24 21:17:24 PDT 2019; root:xnu-4570.71.45~1/RELEASE_X86_64

/usr/bin/uname -p = i386
/bin/uname -X     = unknown

/bin/arch              = unknown
/usr/bin/arch -k       = unknown
/usr/convex/getsysinfo = unknown
/usr/bin/hostinfo      = Mach kernel version:
	 Darwin Kernel Version 17.7.0: Wed Apr 24 21:17:24 PDT 2019; root:xnu-4570.71.45~1/RELEASE_X86_64
Kernel configured for up to 8 processors.
4 processors are physically available.
8 processors are logically available.
Processor type: x86_64h (Intel x86-64h Haswell)
Processors active: 0 1 2 3 4 5 6 7
Primary memory available: 8.00 gigabytes
Default processor set: 355 tasks, 1232 threads, 8 processors
Load average: 1.67, Mach factor: 6.32
/bin/machine           = unknown
/usr/bin/oslevel       = unknown
/bin/universe          = unknown

PATH: /usr/local/bin
PATH: /usr/local/bin
PATH: /usr/bin
PATH: /bin
PATH: /usr/sbin
PATH: /sbin
PATH: /Library/TeX/texbin
PATH: /Library/TeX/texbin/
PATH: /Users/evangelia/mpi/bin/


## ----------- ##
## Core tests. ##
## ----------- ##

configure:2449: checking for a BSD-compatible install
configure:2517: result: /usr/bin/install -c
configure:2528: checking whether build environment is sane
configure:2565: result: yes
configure:2627: checking for gawk
configure:2657: result: no
configure:2627: checking for mawk
configure:2657: result: no
configure:2627: checking for nawk
configure:2657: result: no
configure:2627: checking for awk
configure:2643: found /usr/bin/awk
configure:2654: result: awk
configure:2665: checking whether make sets $(MAKE)
configure:2687: result: yes
configure:2889: checking whether make sets $(MAKE)
configure:2911: result: yes
configure:2969: checking for gcc
configure:2996: result: /usr/local/bin/gcc-8
configure:3225: checking for C compiler version
configure:3234: /usr/local/bin/gcc-8 --version >&5
gcc-8 (Homebrew GCC 8.2.0) 8.2.0
Copyright (C) 2018 Free Software Foundation, Inc.
This is free software; see the source for copying conditions.  There is NO
warranty; not even for MERCHANTABILITY or FITNESS FOR A PARTICULAR PURPOSE.

configure:3245: $? = 0
configure:3234: /usr/local/bin/gcc-8 -v >&5
Using built-in specs.
COLLECT_GCC=/usr/local/bin/gcc-8
COLLECT_LTO_WRAPPER=/usr/local/Cellar/gcc/8.2.0/libexec/gcc/x86_64-apple-darwin17.7.0/8.2.0/lto-wrapper
Target: x86_64-apple-darwin17.7.0
Configured with: ../configure --build=x86_64-apple-darwin17.7.0 --prefix=/usr/local/Cellar/gcc/8.2.0 --libdir=/usr/local/Cellar/gcc/8.2.0/lib/gcc/8 --disable-nls --enable-checking=release --enable-languages=c,c++,objc,obj-c++,fortran --program-suffix=-8 --with-gmp=/usr/local/opt/gmp --with-mpfr=/usr/local/opt/mpfr --with-mpc=/usr/local/opt/libmpc --with-isl=/usr/local/opt/isl --with-system-zlib --with-pkgversion='Homebrew GCC 8.2.0' --with-bugurl=https://github.com/Homebrew/homebrew-core/issues --disable-multilib
Thread model: posix
gcc version 8.2.0 (Homebrew GCC 8.2.0) 
configure:3245: $? = 0
configure:3234: /usr/local/bin/gcc-8 -V >&5
gcc-8: error: unrecognized command line option '-V'
gcc-8: fatal error: no input files
compilation terminated.
configure:3245: $? = 1
configure:3234: /usr/local/bin/gcc-8 -qversion >&5
gcc-8: error: unrecognized command line option '-qversion'; did you mean '--version'?
gcc-8: fatal error: no input files
compilation terminated.
configure:3245: $? = 1
configure:3265: checking whether the C compiler works
configure:3287: /usr/local/bin/gcc-8    conftest.c  >&5
configure:3291: $? = 0
configure:3339: result: yes
configure:3342: checking for C compiler default output file name
configure:3344: result: a.out
configure:3350: checking for suffix of executables
configure:3357: /usr/local/bin/gcc-8 -o conftest    conftest.c  >&5
configure:3361: $? = 0
configure:3383: result: 
configure:3405: checking whether we are cross compiling
configure:3413: /usr/local/bin/gcc-8 -o conftest    conftest.c  >&5
configure:3417: $? = 0
configure:3424: ./conftest
configure:3428: $? = 0
configure:3443: result: no
configure:3448: checking for suffix of object files
configure:3470: /usr/local/bin/gcc-8 -c   conftest.c >&5
configure:3474: $? = 0
configure:3495: result: o
configure:3499: checking whether we are using the GNU C compiler
configure:3518: /usr/local/bin/gcc-8 -c   conftest.c >&5
configure:3518: $? = 0
configure:3527: result: yes
configure:3536: checking whether /usr/local/bin/gcc-8 accepts -g
configure:3556: /usr/local/bin/gcc-8 -c -g  conftest.c >&5
configure:3556: $? = 0
configure:3597: result: yes
configure:3614: checking for /usr/local/bin/gcc-8 option to accept ISO C89
configure:3677: /usr/local/bin/gcc-8  -c -g -O2  conftest.c >&5
configure:3677: $? = 0
configure:3690: result: none needed
configure:3721: checking for style of include used by make
configure:3749: result: GNU
configure:3777: checking dependency style of /usr/local/bin/gcc-8
configure:3867: result: gcc3
configure:3965: checking build system type
configure:3979: result: i386-apple-darwin17.7.0
configure:3999: checking host system type
configure:4012: result: i386-apple-darwin17.7.0
configure:4032: checking for a sed that does not truncate output
configure:4086: result: /usr/bin/sed
configure:4089: checking for grep that handles long lines and -e
configure:4147: result: /usr/bin/grep
configure:4152: checking for egrep
configure:4214: result: /usr/bin/grep -E
configure:4230: checking for ld used by /usr/local/bin/gcc-8
configure:4297: result: /usr/bin/ld
configure:4304: checking if the linker (/usr/bin/ld) is GNU ld
configure:4319: result: no
configure:4324: checking for /usr/bin/ld option to reload object files
configure:4331: result: -r
configure:4349: checking for BSD-compatible nm
configure:4398: result: /usr/bin/nm -B
configure:4402: checking whether ln -s works
configure:4406: result: yes
configure:4413: checking how to recognise dependent libraries
configure:4589: result: pass_all
configure:4798: checking how to run the C preprocessor
configure:4829: /usr/local/bin/gcc-8 -E  conftest.c
configure:4829: $? = 0
configure:4843: /usr/local/bin/gcc-8 -E  conftest.c
conftest.c:11:10: fatal error: ac_nonexistent.h: No such file or directory
 #include <ac_nonexistent.h>
          ^~~~~~~~~~~~~~~~~~
compilation terminated.
configure:4843: $? = 1
configure: failed program was:
| /* confdefs.h */
| #define PACKAGE_NAME "BCLS"
| #define PACKAGE_TARNAME "bcls"
| #define PACKAGE_VERSION "0.1"
| #define PACKAGE_STRING "BCLS 0.1"
| #define PACKAGE_BUGREPORT "mpf@cs.ubc.ca"
| #define PACKAGE_URL ""
| #define PACKAGE "bcls"
| #define VERSION "0.1"
| /* end confdefs.h.  */
| #include <ac_nonexistent.h>
configure:4868: result: /usr/local/bin/gcc-8 -E
configure:4888: /usr/local/bin/gcc-8 -E  conftest.c
configure:4888: $? = 0
configure:4902: /usr/local/bin/gcc-8 -E  conftest.c
conftest.c:11:10: fatal error: ac_nonexistent.h: No such file or directory
 #include <ac_nonexistent.h>
          ^~~~~~~~~~~~~~~~~~
compilation terminated.
configure:4902: $? = 1
configure: failed program was:
| /* confdefs.h */
| #define PACKAGE_NAME "BCLS"
| #define PACKAGE_TARNAME "bcls"
| #define PACKAGE_VERSION "0.1"
| #define PACKAGE_STRING "BCLS 0.1"
| #define PACKAGE_BUGREPORT "mpf@cs.ubc.ca"
| #define PACKAGE_URL ""
| #define PACKAGE "bcls"
| #define VERSION "0.1"
| /* end confdefs.h.  */
| #include <ac_nonexistent.h>
configure:4931: checking for ANSI C header files
configure:4951: /usr/local/bin/gcc-8 -c   conftest.c >&5
configure:4951: $? = 0
configure:5024: /usr/local/bin/gcc-8 -o conftest    conftest.c  >&5
configure:5024: $? = 0
configure:5024: ./conftest
configure:5024: $? = 0
configure:5035: result: yes
configure:5048: checking for sys/types.h
configure:5048: /usr/local/bin/gcc-8 -c   conftest.c >&5
configure:5048: $? = 0
configure:5048: result: yes
configure:5048: checking for sys/stat.h
configure:5048: /usr/local/bin/gcc-8 -c   conftest.c >&5
configure:5048: $? = 0
configure:5048: result: yes
configure:5048: checking for stdlib.h
configure:5048: /usr/local/bin/gcc-8 -c   conftest.c >&5
configure:5048: $? = 0
configure:5048: result: yes
configure:5048: checking for string.h
configure:5048: /usr/local/bin/gcc-8 -c   conftest.c >&5
configure:5048: $? = 0
configure:5048: result: yes
configure:5048: checking for memory.h
configure:5048: /usr/local/bin/gcc-8 -c   conftest.c >&5
configure:5048: $? = 0
configure:5048: result: yes
configure:5048: checking for strings.h
configure:5048: /usr/local/bin/gcc-8 -c   conftest.c >&5
configure:5048: $? = 0
configure:5048: result: yes
configure:5048: checking for inttypes.h
configure:5048: /usr/local/bin/gcc-8 -c   conftest.c >&5
configure:5048: $? = 0
configure:5048: result: yes
configure:5048: checking for stdint.h
configure:5048: /usr/local/bin/gcc-8 -c   conftest.c >&5
configure:5048: $? = 0
configure:5048: result: yes
configure:5048: checking for unistd.h
configure:5048: /usr/local/bin/gcc-8 -c   conftest.c >&5
configure:5048: $? = 0
configure:5048: result: yes
configure:5062: checking dlfcn.h usability
configure:5062: /usr/local/bin/gcc-8 -c   conftest.c >&5
configure:5062: $? = 0
configure:5062: result: yes
configure:5062: checking dlfcn.h presence
configure:5062: /usr/local/bin/gcc-8 -E  conftest.c
configure:5062: $? = 0
configure:5062: result: yes
configure:5062: checking for dlfcn.h
configure:5062: result: yes
configure:5076: checking the maximum length of command line arguments
configure:5185: result: 196608
configure:5196: checking command to parse /usr/bin/nm -B output from /usr/local/bin/gcc-8 object
configure:5301: /usr/local/bin/gcc-8 -c   conftest.c >&5
configure:5304: $? = 0
configure:5308: /usr/bin/nm -B conftest.o \| sed -n -e 's/^.*[ 	]\([BCDEGRST][BCDEGRST]*\)[ 	][ 	]*\([_A-Za-z][_A-Za-z0-9]*\)$/\1 \2 \2/p' \> conftest.nm
configure:5311: $? = 0
cannot find nm_test_var in conftest.nm
configure:5301: /usr/local/bin/gcc-8 -c   conftest.c >&5
configure:5304: $? = 0
configure:5308: /usr/bin/nm -B conftest.o \| sed -n -e 's/^.*[ 	]\([BCDEGRST][BCDEGRST]*\)[ 	][ 	]*_\([_A-Za-z][_A-Za-z0-9]*\)$/\1 _\2 \2/p' \> conftest.nm
configure:5311: $? = 0
configure:5363: /usr/local/bin/gcc-8 -o conftest    conftest.c conftstm.o >&5
configure:5366: $? = 0
configure:5404: result: ok
configure:5408: checking for objdir
configure:5423: result: .libs
configure:5515: checking for ar
configure:5531: found /usr/bin/ar
configure:5542: result: ar
configure:5607: checking for ranlib
configure:5623: found /usr/bin/ranlib
configure:5634: result: ranlib
configure:5699: checking for strip
configure:5715: found /usr/bin/strip
configure:5726: result: strip
configure:6008: checking if /usr/local/bin/gcc-8 supports -fno-rtti -fno-exceptions
configure:6026: /usr/local/bin/gcc-8 -c   -fno-rtti -fno-exceptions conftest.c >&5
cc1: warning: command line option '-fno-rtti' is valid for C++/ObjC++ but not for C
configure:6030: $? = 0
configure:6043: result: no
configure:6058: checking for /usr/local/bin/gcc-8 option to produce PIC
configure:6268: result: -fno-common
configure:6276: checking if /usr/local/bin/gcc-8 PIC flag -fno-common works
configure:6294: /usr/local/bin/gcc-8 -c   -fno-common -DPIC conftest.c >&5
configure:6298: $? = 0
configure:6311: result: yes
configure:6339: checking if /usr/local/bin/gcc-8 static flag -static works
configure:6367: result: no
configure:6377: checking if /usr/local/bin/gcc-8 supports -c -o file.o
configure:6398: /usr/local/bin/gcc-8 -c   -o out/conftest2.o conftest.c >&5
configure:6402: $? = 0
configure:6424: result: yes
configure:6450: checking whether the /usr/local/bin/gcc-8 linker (/usr/bin/ld) supports shared libraries
configure:7350: result: yes
configure:7417: checking dynamic linker characteristics
configure:8005: result: darwin17.7.0 dyld
configure:8014: checking how to hardcode library paths into programs
configure:8039: result: immediate
configure:8053: checking whether stripping libraries is possible
configure:8066: result: yes
configure:8574: checking if libtool supports shared libraries
configure:8576: result: yes
configure:8579: checking whether to build shared libraries
configure:8600: result: yes
configure:8603: checking whether to build static libraries
configure:8607: result: yes
configure:8699: creating libtool
configure:9736: checking for sqrt in -lm
configure:9761: /usr/local/bin/gcc-8 -o conftest -O -std=c99   conftest.c -lm   >&5
conftest.c:29:6: warning: conflicting types for built-in function 'sqrt' [-Wbuiltin-declaration-mismatch]
 char sqrt ();
      ^~~~
configure:9761: $? = 0
configure:9770: result: yes
configure:9783: checking for ANSI C header files
configure:9887: result: yes
configure:9895: checking for stdbool.h that conforms to C99
configure:9962: /usr/local/bin/gcc-8 -c -O -std=c99  conftest.c >&5
configure:9962: $? = 0
configure:9969: result: yes
configure:9971: checking for _Bool
configure:9971: /usr/local/bin/gcc-8 -c -O -std=c99  conftest.c >&5
configure:9971: $? = 0
configure:9971: /usr/local/bin/gcc-8 -c -O -std=c99  conftest.c >&5
conftest.c: In function 'main':
conftest.c:60:20: error: expected expression before ')' token
 if (sizeof ((_Bool)))
                    ^
configure:9971: $? = 1
configure: failed program was:
| /* confdefs.h */
| #define PACKAGE_NAME "BCLS"
| #define PACKAGE_TARNAME "bcls"
| #define PACKAGE_VERSION "0.1"
| #define PACKAGE_STRING "BCLS 0.1"
| #define PACKAGE_BUGREPORT "mpf@cs.ubc.ca"
| #define PACKAGE_URL ""
| #define PACKAGE "bcls"
| #define VERSION "0.1"
| #define STDC_HEADERS 1
| #define HAVE_SYS_TYPES_H 1
| #define HAVE_SYS_STAT_H 1
| #define HAVE_STDLIB_H 1
| #define HAVE_STRING_H 1
| #define HAVE_MEMORY_H 1
| #define HAVE_STRINGS_H 1
| #define HAVE_INTTYPES_H 1
| #define HAVE_STDINT_H 1
| #define HAVE_UNISTD_H 1
| #define HAVE_DLFCN_H 1
| #define HAVE_LIBM 1
| #define STDC_HEADERS 1
| /* end confdefs.h.  */
| #include <stdio.h>
| #ifdef HAVE_SYS_TYPES_H
| # include <sys/types.h>
| #endif
| #ifdef HAVE_SYS_STAT_H
| # include <sys/stat.h>
| #endif
| #ifdef STDC_HEADERS
| # include <stdlib.h>
| # include <stddef.h>
| #else
| # ifdef HAVE_STDLIB_H
| #  include <stdlib.h>
| # endif
| #endif
| #ifdef HAVE_STRING_H
| # if !defined STDC_HEADERS && defined HAVE_MEMORY_H
| #  include <memory.h>
| # endif
| # include <string.h>
| #endif
| #ifdef HAVE_STRINGS_H
| # include <strings.h>
| #endif
| #ifdef HAVE_INTTYPES_H
| # include <inttypes.h>
| #endif
| #ifdef HAVE_STDINT_H
| # include <stdint.h>
| #endif
| #ifdef HAVE_UNISTD_H
| # include <unistd.h>
| #endif
| int
| main ()
| {
| if (sizeof ((_Bool)))
| 	    return 0;
|   ;
|   return 0;
| }
configure:9971: result: yes
configure:9991: checking stddef.h usability
configure:9991: /usr/local/bin/gcc-8 -c -O -std=c99  conftest.c >&5
configure:9991: $? = 0
configure:9991: result: yes
configure:9991: checking stddef.h presence
configure:9991: /usr/local/bin/gcc-8 -E  conftest.c
configure:9991: $? = 0
configure:9991: result: yes
configure:9991: checking for stddef.h
configure:9991: result: yes
configure:9991: checking for string.h
configure:9991: result: yes
configure:9991: checking sys/time.h usability
configure:9991: /usr/local/bin/gcc-8 -c -O -std=c99  conftest.c >&5
configure:9991: $? = 0
configure:9991: result: yes
configure:9991: checking sys/time.h presence
configure:9991: /usr/local/bin/gcc-8 -E  conftest.c
configure:9991: $? = 0
configure:9991: result: yes
configure:9991: checking for sys/time.h
configure:9991: result: yes
configure:10003: checking for an ANSI C-conforming const
configure:10069: /usr/local/bin/gcc-8 -c -O -std=c99  conftest.c >&5
configure:10069: $? = 0
configure:10076: result: yes
configure:10084: checking for inline
configure:10100: /usr/local/bin/gcc-8 -c -O -std=c99  conftest.c >&5
configure:10100: $? = 0
configure:10108: result: inline
configure:10126: checking for size_t
configure:10126: /usr/local/bin/gcc-8 -c -O -std=c99  conftest.c >&5
configure:10126: $? = 0
configure:10126: /usr/local/bin/gcc-8 -c -O -std=c99  conftest.c >&5
conftest.c: In function 'main':
conftest.c:65:21: error: expected expression before ')' token
 if (sizeof ((size_t)))
                     ^
configure:10126: $? = 1
configure: failed program was:
| /* confdefs.h */
| #define PACKAGE_NAME "BCLS"
| #define PACKAGE_TARNAME "bcls"
| #define PACKAGE_VERSION "0.1"
| #define PACKAGE_STRING "BCLS 0.1"
| #define PACKAGE_BUGREPORT "mpf@cs.ubc.ca"
| #define PACKAGE_URL ""
| #define PACKAGE "bcls"
| #define VERSION "0.1"
| #define STDC_HEADERS 1
| #define HAVE_SYS_TYPES_H 1
| #define HAVE_SYS_STAT_H 1
| #define HAVE_STDLIB_H 1
| #define HAVE_STRING_H 1
| #define HAVE_MEMORY_H 1
| #define HAVE_STRINGS_H 1
| #define HAVE_INTTYPES_H 1
| #define HAVE_STDINT_H 1
| #define HAVE_UNISTD_H 1
| #define HAVE_DLFCN_H 1
| #define HAVE_LIBM 1
| #define STDC_HEADERS 1
| #define HAVE__BOOL 1
| #define HAVE_STDBOOL_H 1
| #define HAVE_STDDEF_H 1
| #define HAVE_STRING_H 1
| #define HAVE_SYS_TIME_H 1
| /* end confdefs.h.  */
| #include <stdio.h>
| #ifdef HAVE_SYS_TYPES_H
| # include <sys/types.h>
| #endif
| #ifdef HAVE_SYS_STAT_H
| # include <sys/stat.h>
| #endif
| #ifdef STDC_HEADERS
| # include <stdlib.h>
| # include <stddef.h>
| #else
| # ifdef HAVE_STDLIB_H
| #  include <stdlib.h>
| # endif
| #endif
| #ifdef HAVE_STRING_H
| # if !defined STDC_HEADERS && defined HAVE_MEMORY_H
| #  include <memory.h>
| # endif
| # include <string.h>
| #endif
| #ifdef HAVE_STRINGS_H
| # include <strings.h>
| #endif
| #ifdef HAVE_INTTYPES_H
| # include <inttypes.h>
| #endif
| #ifdef HAVE_STDINT_H
| # include <stdint.h>
| #endif
| #ifdef HAVE_UNISTD_H
| # include <unistd.h>
| #endif
| int
| main ()
| {
| if (sizeof ((size_t)))
| 	    return 0;
|   ;
|   return 0;
| }
configure:10126: result: yes
configure:10139: checking for error_at_line
configure:10155: /usr/local/bin/gcc-8 -o conftest -O -std=c99   conftest.c -lm  >&5
conftest.c:29:10: fatal error: error.h: No such file or directory
 #include <error.h>
          ^~~~~~~~~
compilation terminated.
configure:10155: $? = 1
configure: failed program was:
| /* confdefs.h */
| #define PACKAGE_NAME "BCLS"
| #define PACKAGE_TARNAME "bcls"
| #define PACKAGE_VERSION "0.1"
| #define PACKAGE_STRING "BCLS 0.1"
| #define PACKAGE_BUGREPORT "mpf@cs.ubc.ca"
| #define PACKAGE_URL ""
| #define PACKAGE "bcls"
| #define VERSION "0.1"
| #define STDC_HEADERS 1
| #define HAVE_SYS_TYPES_H 1
| #define HAVE_SYS_STAT_H 1
| #define HAVE_STDLIB_H 1
| #define HAVE_STRING_H 1
| #define HAVE_MEMORY_H 1
| #define HAVE_STRINGS_H 1
| #define HAVE_INTTYPES_H 1
| #define HAVE_STDINT_H 1
| #define HAVE_UNISTD_H 1
| #define HAVE_DLFCN_H 1
| #define HAVE_LIBM 1
| #define STDC_HEADERS 1
| #define HAVE__BOOL 1
| #define HAVE_STDBOOL_H 1
| #define HAVE_STDDEF_H 1
| #define HAVE_STRING_H 1
| #define HAVE_SYS_TIME_H 1
| /* end confdefs.h.  */
| #include <error.h>
| int
| main ()
| {
| error_at_line (0, 0, "", 0, "an error occurred");
|   ;
|   return 0;
| }
configure:10163: result: no
configure:10176: checking for getrusage
configure:10176: /usr/local/bin/gcc-8 -o conftest -O -std=c99   conftest.c -lm  >&5
configure:10176: $? = 0
configure:10176: result: yes
configure:10313: checking for doxygen
configure:10341: result: no
configure:10351: checking for latex
configure:10367: found /Library/TeX/texbin/latex
configure:10379: result: yes
configure:10389: checking for dvips
configure:10405: found /Library/TeX/texbin/dvips
configure:10417: result: yes
configure:10427: checking for gs
configure:10443: found /usr/local/bin/gs
configure:10455: result: yes
configure:10470: checking for perl
configure:10488: found /usr/bin/perl
configure:10500: result: /usr/bin/perl
configure:10662: creating ./config.status

## ---------------------- ##
## Running config.status. ##
## ---------------------- ##

This file was extended by BCLS config.status 0.1, which was
generated by GNU Autoconf 2.69.  Invocation command line was

  CONFIG_FILES    = 
  CONFIG_HEADERS  = 
  CONFIG_LINKS    = 
  CONFIG_COMMANDS = 
  $ ./config.status 

on Evangelias-MBP

config.status:888: creating Makefile
config.status:991: WARNING:  'Makefile.in' seems to ignore the --datarootdir setting
config.status:888: creating src/Makefile
config.status:888: creating examples/Makefile
config.status:888: creating matlab/Makefile
config.status:888: creating doc/Makefile
config.status:888: creating doc/Doxyfile
config.status:888: creating doc/local/installation.doc
config.status:888: creating config.h
config.status:1110: executing depfiles commands

## ---------------- ##
## Cache variables. ##
## ---------------- ##

ac_cv_build=i386-apple-darwin17.7.0
ac_cv_c_compiler_gnu=yes
ac_cv_c_const=yes
ac_cv_c_inline=inline
ac_cv_env_CC_set=set
ac_cv_env_CC_value=/usr/local/bin/gcc-8
ac_cv_env_CFLAGS_set=
ac_cv_env_CFLAGS_value=
ac_cv_env_CPPFLAGS_set=
ac_cv_env_CPPFLAGS_value=
ac_cv_env_CPP_set=
ac_cv_env_CPP_value=
ac_cv_env_LDFLAGS_set=
ac_cv_env_LDFLAGS_value=
ac_cv_env_LIBS_set=
ac_cv_env_LIBS_value=
ac_cv_env_build_alias_set=
ac_cv_env_build_alias_value=
ac_cv_env_host_alias_set=
ac_cv_env_host_alias_value=
ac_cv_env_target_alias_set=
ac_cv_env_target_alias_value=
ac_cv_func_getrusage=yes
ac_cv_header_dlfcn_h=yes
ac_cv_header_inttypes_h=yes
ac_cv_header_memory_h=yes
ac_cv_header_stdbool_h=yes
ac_cv_header_stdc=yes
ac_cv_header_stddef_h=yes
ac_cv_header_stdint_h=yes
ac_cv_header_stdlib_h=yes
ac_cv_header_string_h=yes
ac_cv_header_strings_h=yes
ac_cv_header_sys_stat_h=yes
ac_cv_header_sys_time_h=yes
ac_cv_header_sys_types_h=yes
ac_cv_header_unistd_h=yes
ac_cv_host=i386-apple-darwin17.7.0
ac_cv_lib_error_at_line=no
ac_cv_lib_m_sqrt=yes
ac_cv_objext=o
ac_cv_path_EGREP='/usr/bin/grep -E'
ac_cv_path_GREP=/usr/bin/grep
ac_cv_path_PERL=/usr/bin/perl
ac_cv_path_install='/usr/bin/install -c'
ac_cv_prog_AWK=awk
ac_cv_prog_CPP='/usr/local/bin/gcc-8 -E'
ac_cv_prog_ac_ct_AR=ar
ac_cv_prog_ac_ct_CC=/usr/local/bin/gcc-8
ac_cv_prog_ac_ct_RANLIB=ranlib
ac_cv_prog_ac_ct_STRIP=strip
ac_cv_prog_cc_c89=
ac_cv_prog_cc_g=yes
ac_cv_prog_doxygen_ok=no
ac_cv_prog_dvips_ok=yes
ac_cv_prog_gs_ok=yes
ac_cv_prog_latex_ok=yes
ac_cv_prog_make_make_set=yes
ac_cv_type__Bool=yes
ac_cv_type_size_t=yes
am_cv_CC_dependencies_compiler_type=gcc3
lt_cv_deplibs_check_method=pass_all
lt_cv_file_magic_cmd='$MAGIC_CMD'
lt_cv_file_magic_test_file=
lt_cv_ld_reload_flag=-r
lt_cv_objdir=.libs
lt_cv_path_LD=/usr/bin/ld
lt_cv_path_NM='/usr/bin/nm -B'
lt_cv_path_SED=/usr/bin/sed
lt_cv_prog_compiler_c_o=yes
lt_cv_prog_compiler_rtti_exceptions=no
lt_cv_prog_gnu_ld=no
lt_cv_sys_global_symbol_pipe='sed -n -e '\''s/^.*[ 	]\([BCDEGRST][BCDEGRST]*\)[ 	][ 	]*_\([_A-Za-z][_A-Za-z0-9]*\)$/\1 _\2 \2/p'\'''
lt_cv_sys_global_symbol_to_c_name_address='sed -n -e '\''s/^: \([^ ]*\) $/  {\"\1\", (lt_ptr) 0},/p'\'' -e '\''s/^[BCDEGRST] \([^ ]*\) \([^ ]*\)$/  {"\2", (lt_ptr) \&\2},/p'\'''
lt_cv_sys_global_symbol_to_cdecl='sed -n -e '\''s/^. .* \(.*\)$/extern int \1;/p'\'''
lt_cv_sys_max_cmd_len=196608
lt_lt_cv_prog_compiler_c_o='"yes"'
lt_lt_cv_sys_global_symbol_pipe='"sed -n -e '\''s/^.*[ 	]\\([BCDEGRST][BCDEGRST]*\\)[ 	][ 	]*_\\([_A-Za-z][_A-Za-z0-9]*\\)\$/\\1 _\\2 \\2/p'\''"'
lt_lt_cv_sys_global_symbol_to_c_name_address='"sed -n -e '\''s/^: \\([^ ]*\\) \$/  {\\\"\\1\\\", (lt_ptr) 0},/p'\'' -e '\''s/^[BCDEGRST] \\([^ ]*\\) \\([^ ]*\\)\$/  {\"\\2\", (lt_ptr) \\&\\2},/p'\''"'
lt_lt_cv_sys_global_symbol_to_cdecl='"sed -n -e '\''s/^. .* \\(.*\\)\$/extern int \\1;/p'\''"'

## ----------------- ##
## Output variables. ##
## ----------------- ##

ACLOCAL='${SHELL} /Users/evangelia/glslim/bcls-0.1/config/missing --run aclocal-1.9'
AMDEPBACKSLASH='\'
AMDEP_FALSE='#'
AMDEP_TRUE=''
AMTAR='${SHELL} /Users/evangelia/glslim/bcls-0.1/config/missing --run tar'
AR='ar'
AUTOCONF='${SHELL} /Users/evangelia/glslim/bcls-0.1/config/missing --run autoconf'
AUTOHEADER='${SHELL} /Users/evangelia/glslim/bcls-0.1/config/missing --run autoheader'
AUTOMAKE='${SHELL} /Users/evangelia/glslim/bcls-0.1/config/missing --run automake-1.9'
AWK='awk'
BCLS_LIBRARY_VERSION='1:0:0'
CC='/usr/local/bin/gcc-8'
CCDEPMODE='depmode=gcc3'
CFLAGS='-O -std=c99'
CFLAGS_DEBUG='-g  -Wall -pedantic -std=c99'
CPP='/usr/local/bin/gcc-8 -E'
CPPFLAGS=''
CYGPATH_W='echo'
DEFS='-DHAVE_CONFIG_H'
DEPDIR='.deps'
ECHO='/bin/echo'
ECHO_C='\c'
ECHO_N=''
ECHO_T=''
EGREP='/usr/bin/grep -E'
ENABLE_DEBUGGING_FALSE=''
ENABLE_DEBUGGING_TRUE='#'
ENABLE_LOCAL_CBLAS_FALSE='#'
ENABLE_LOCAL_CBLAS_TRUE=''
EXEEXT=''
GREP='/usr/bin/grep'
HAVE_MATLAB_FALSE=''
HAVE_MATLAB_TRUE='#'
HTML_DOC_FALSE=''
HTML_DOC_TRUE='#'
INSTALL_DATA='${INSTALL} -m 644'
INSTALL_PROGRAM='${INSTALL}'
INSTALL_SCRIPT='${INSTALL}'
INSTALL_STRIP_PROGRAM='${SHELL} $(install_sh) -c -s'
LDFLAGS=''
LIBOBJS=' ${LIBOBJDIR}error$U.o'
LIBS='-lm '
LIBTOOL='$(SHELL) $(top_builddir)/libtool'
LN_S='ln -s'
LTLIBOBJS=' ${LIBOBJDIR}error$U.lo'
MAKEINFO='${SHELL} /Users/evangelia/glslim/bcls-0.1/config/missing --run makeinfo'
MATLAB_DIR=''
MEX=''
MEX_EXT=''
OBJEXT='o'
PACKAGE='bcls'
PACKAGE_BUGREPORT='mpf@cs.ubc.ca'
PACKAGE_NAME='BCLS'
PACKAGE_STRING='BCLS 0.1'
PACKAGE_TARNAME='bcls'
PACKAGE_URL=''
PACKAGE_VERSION='0.1'
PATH_SEPARATOR=':'
PERL='/usr/bin/perl'
RANLIB='ranlib'
SET_MAKE=''
SHELL='/bin/sh'
STRIP='strip'
VERSION='0.1'
ac_ct_CC='/usr/local/bin/gcc-8'
am__fastdepCC_FALSE='#'
am__fastdepCC_TRUE=''
am__include='include'
am__leading_dot='.'
am__quote=''
am__tar='${AMTAR} chof - "$$tardir"'
am__untar='${AMTAR} xf -'
bindir='${exec_prefix}/bin'
build='i386-apple-darwin17.7.0'
build_alias=''
build_cpu='i386'
build_os='darwin17.7.0'
build_vendor='apple'
datadir='${datarootdir}'
datarootdir='${prefix}/share'
docdir='${datarootdir}/doc/${PACKAGE_TARNAME}'
doxygen_ok='no'
dvidir='${docdir}'
dvips_ok='yes'
exec_prefix='${prefix}'
gs_ok='yes'
host='i386-apple-darwin17.7.0'
host_alias=''
host_cpu='i386'
host_os='darwin17.7.0'
host_vendor='apple'
htmldir='${docdir}'
includedir='${prefix}/include'
infodir='${datarootdir}/info'
install_sh='/Users/evangelia/glslim/bcls-0.1/config/install-sh'
latex_ok='yes'
libdir='${exec_prefix}/lib'
libexecdir='${exec_prefix}/libexec'
localedir='${datarootdir}/locale'
localstatedir='${prefix}/var'
mandir='${datarootdir}/man'
mkdir_p='$(install_sh) -d'
oldincludedir='/usr/include'
pdfdir='${docdir}'
prefix='/usr/local'
program_transform_name='s,x,x,'
psdir='${docdir}'
sbindir='${exec_prefix}/sbin'
sharedstatedir='${prefix}/com'
sysconfdir='${prefix}/etc'
target_alias=''

## ----------- ##
## confdefs.h. ##
## ----------- ##

/* confdefs.h */
#define PACKAGE_NAME "BCLS"
#define PACKAGE_TARNAME "bcls"
#define PACKAGE_VERSION "0.1"
#define PACKAGE_STRING "BCLS 0.1"
#define PACKAGE_BUGREPORT "mpf@cs.ubc.ca"
#define PACKAGE_URL ""
#define PACKAGE "bcls"
#define VERSION "0.1"
#define STDC_HEADERS 1
#define HAVE_SYS_TYPES_H 1
#define HAVE_SYS_STAT_H 1
#define HAVE_STDLIB_H 1
#define HAVE_STRING_H 1
#define HAVE_MEMORY_H 1
#define HAVE_STRINGS_H 1
#define HAVE_INTTYPES_H 1
#define HAVE_STDINT_H 1
#define HAVE_UNISTD_H 1
#define HAVE_DLFCN_H 1
#define HAVE_LIBM 1
#define STDC_HEADERS 1
#define HAVE__BOOL 1
#define HAVE_STDBOOL_H 1
#define HAVE_STDDEF_H 1
#define HAVE_STRING_H 1
#define HAVE_SYS_TIME_H 1
#define HAVE_GETRUSAGE 1

configure: exit 0
